[2024-01-31T19:45:02.675] [INFO] default - The test Check username and password fields placeholders, color of the Login Button, list of usernames, password for all users has started.
[2024-01-31T19:45:02.680] [INFO] default - The test Check username and password fields placeholders, color of the Login Button, list of usernames, password for all users has ended.
[2024-01-31T19:45:02.886] [INFO] default - The test Swag Labs text, username field, password field, login button and credentiial info block should be present has started.
[2024-01-31T19:45:02.890] [INFO] default - Step 1: Open page https://www.saucedemo.com
[2024-01-31T19:45:03.225] [INFO] default - The test Check login has started.
[2024-01-31T19:45:03.235] [INFO] default - The test Check login has ended.
[2024-01-31T19:45:03.875] [INFO] default - The test Check error message, username and password fields contains error icons, has started.
[2024-01-31T19:45:03.880] [INFO] default - The test Check error message, username and password fields contains error icons, has ended.
[2024-01-31T19:45:04.312] [INFO] default - Step 2: Get the title ("SwagLab") text.
[2024-01-31T19:45:04.407] [INFO] default - Step 3: Check if username field is displayed.
[2024-01-31T19:45:04.467] [INFO] default - Step 4: Check if password field is displayed.
[2024-01-31T19:45:04.515] [INFO] default - Step 5: Get the Login Button.
[2024-01-31T19:45:04.515] [INFO] default - Step 6: Check if Login Button is enabled.
[2024-01-31T19:45:04.581] [INFO] default - The test Swag Labs text, username field, password field, login button and credentiial info block should be present has ended.
[2024-01-31T19:46:02.437] [INFO] default - The test Check error message, username and password fields contains error icons, has started.
[2024-01-31T19:46:02.442] [INFO] default - Step 1: Open page https://www.saucedemo.com.
[2024-01-31T19:46:03.057] [INFO] default - The test Check login has started.
[2024-01-31T19:46:03.059] [INFO] default - Step 1: Open page https://www.saucedemo.com.
[2024-01-31T19:46:03.412] [INFO] default - Step 2: Click the Login Button.
[2024-01-31T19:46:03.647] [INFO] default - Step 3: Check if error message is displayed.
[2024-01-31T19:46:03.707] [INFO] default - Step 4: Check if username error icon is displayed
[2024-01-31T19:46:03.765] [INFO] default - Step 5: Check if password error icon is displayed.
[2024-01-31T19:46:03.818] [INFO] default - Step 6: Click the error message close button.
[2024-01-31T19:46:03.954] [INFO] default - Step 7: Wait unit error message, error username icon and error password icon are not displayed anymore.
[2024-01-31T19:46:04.249] [INFO] default - Step 2: Enter username and password to Log In.
[2024-01-31T19:46:04.256] [INFO] default - The test Check error message, username and password fields contains error icons, has ended.
[2024-01-31T19:46:06.541] [INFO] default - The test Check username and password fields placeholders, color of the Login Button, list of usernames, password for all users has started.
[2024-01-31T19:46:06.543] [INFO] default - Step 1: Open page https://www.saucedemo.com.
[2024-01-31T19:46:08.334] [INFO] default - Step 2: Get username field placeholder.
[2024-01-31T19:46:08.374] [INFO] default - Step 3: Get pasword field placeholder.
[2024-01-31T19:46:08.420] [INFO] default - Step 4: Get the text of the Login Button.
[2024-01-31T19:46:08.464] [INFO] default - Step 5: Get the background color of the Login Button.
[2024-01-31T19:46:08.593] [INFO] default - Step 6: Get the users of username block text.
[2024-01-31T19:46:08.685] [INFO] default - Step 7: Get the paswords of password block text.
[2024-01-31T19:46:08.729] [INFO] default - The test Check username and password fields placeholders, color of the Login Button, list of usernames, password for all users has ended.
[2024-01-31T19:46:09.879] [INFO] default - Step 3: Wait until you log in.
[2024-01-31T19:46:10.001] [INFO] default - The test Check login has ended.
[2024-01-31T19:46:12.639] [INFO] default - The test Swag Labs text, username field, password field, login button and credentiial info block should be present has started.
[2024-01-31T19:46:12.641] [INFO] default - Step 1: Open page https://www.saucedemo.com
[2024-01-31T19:46:13.194] [INFO] default - Step 2: Get the title ("SwagLab") text.
[2024-01-31T19:46:13.268] [INFO] default - Step 3: Check if username field is displayed.
[2024-01-31T19:46:13.325] [INFO] default - Step 4: Check if password field is displayed.
[2024-01-31T19:46:13.368] [INFO] default - Step 5: Get the Login Button.
[2024-01-31T19:46:13.368] [INFO] default - Step 6: Check if Login Button is enabled.
[2024-01-31T19:46:13.436] [INFO] default - The test Swag Labs text, username field, password field, login button and credentiial info block should be present has ended.
